Using pre-set license
Built from '2020.3/staging' branch; Version is '2020.3.0f1 (c7b5465681fb) revision 13088070'; Using compiler version '192528614'; Build Type 'Release'
OS: 'Windows 10 Pro; OS build 19041.867; Version 2004; 64bit' Language: 'en' Physical Memory: 8190 MB
BatchMode: 1, IsHumanControllingUs: 0, StartBugReporterOnCrash: 0, Is64bit: 1, IsPro: 0

 COMMAND LINE ARGUMENTS:
C:\Program Files\Unity\Hub\Editor\2020.3.0f1\Editor\Unity.exe
-adb2
-batchMode
-noUpm
-name
AssetImportWorker0
-projectPath
C:/Users/anna-/Documents/GitHub/kauhunhuuto/Kauhupeli
-logFile
Logs/AssetImportWorker0.log
-srvPort
56719
Successfully changed project path to: C:/Users/anna-/Documents/GitHub/kauhunhuuto/Kauhupeli
C:/Users/anna-/Documents/GitHub/kauhunhuuto/Kauhupeli
Using Asset Import Pipeline V2.
Refreshing native plugins compatible for Editor in 196.32 ms, found 0 plugins.
Preloading 0 native plugins for Editor in 0.00 ms.
Initialize engine version: 2020.3.0f1 (c7b5465681fb)
[Subsystems] Discovering subsystems at path C:/Program Files/Unity/Hub/Editor/2020.3.0f1/Editor/Data/Resources/UnitySubsystems
[Subsystems] Discovering subsystems at path C:/Users/anna-/Documents/GitHub/kauhunhuuto/Kauhupeli/Assets
GfxDevice: creating device client; threaded=0
Direct3D:
    Version:  Direct3D 11.0 [level 11.1]
    Renderer: NVIDIA GeForce GTX 960 (ID=0x1401)
    Vendor:   
    VRAM:     2007 MB
    Driver:   27.21.14.5671
Initialize mono
Mono path[0] = 'C:/Program Files/Unity/Hub/Editor/2020.3.0f1/Editor/Data/Managed'
Mono path[1] = 'C:/Program Files/Unity/Hub/Editor/2020.3.0f1/Editor/Data/MonoBleedingEdge/lib/mono/unityjit'
Mono config path = 'C:/Program Files/Unity/Hub/Editor/2020.3.0f1/Editor/Data/MonoBleedingEdge/etc'
Using monoOptions --debugger-agent=transport=dt_socket,embedding=1,server=y,suspend=n,address=127.0.0.1:56092
Begin MonoManager ReloadAssembly
Registering precompiled unity dll's ...
Register platform support module: C:/Program Files/Unity/Hub/Editor/2020.3.0f1/Editor/Data/PlaybackEngines/WebGLSupport/UnityEditor.WebGL.Extensions.dll
Register platform support module: C:/Program Files/Unity/Hub/Editor/2020.3.0f1/Editor/Data/PlaybackEngines/WindowsStandaloneSupport/UnityEditor.WindowsStandalone.Extensions.dll
Registered in 0.005387 seconds.
Native extension for WindowsStandalone target not found
Native extension for WebGL target not found
Refreshing native plugins compatible for Editor in 82.33 ms, found 0 plugins.
Preloading 0 native plugins for Editor in 0.00 ms.
Invoked RoslynAnalysisRunner static constructor.
RoslynAnalysisRunner will not be running.
RoslynAnalysisRunner has terminated.
Mono: successfully reloaded assembly
- Completed reload, in  2.886 seconds
Platform modules already initialized, skipping
Registering precompiled user dll's ...
Registered in 0.005886 seconds.
Begin MonoManager ReloadAssembly
Native extension for WindowsStandalone target not found
Native extension for WebGL target not found
Refreshing native plugins compatible for Editor in 0.65 ms, found 0 plugins.
Preloading 0 native plugins for Editor in 0.00 ms.
Invoked RoslynAnalysisRunner static constructor.
RoslynAnalysisRunner will not be running.
RoslynAnalysisRunner has terminated.
Mono: successfully reloaded assembly
- Completed reload, in  1.812 seconds
Platform modules already initialized, skipping
========================================================================
Worker process is ready to serve import requests
Launched and connected shader compiler UnityShaderCompiler.exe after 0.07 seconds
Refreshing native plugins compatible for Editor in 0.63 ms, found 0 plugins.
Preloading 0 native plugins for Editor in 0.00 ms.
Unloading 1415 Unused Serialized files (Serialized files now loaded: 0)
System memory in use before: 64.8 MB.
System memory in use after: 64.9 MB.

Unloading 33 unused Assets to reduce memory usage. Loaded Objects now: 1843.
Total: 4.196000 ms (FindLiveObjects: 0.469900 ms CreateObjectMapping: 0.104300 ms MarkObjects: 3.494800 ms  DeleteObjects: 0.125100 ms)

========================================================================
Received Import Request.
  path: Assets/Placeholder/A1W34F.jpg
  artifactKey: Guid(7745f738d90274322b17e9212a9e4576) Importer(815301076,1909f56bfc062723c751e8b465ee728b)
Start importing Assets/Placeholder/A1W34F.jpg using Guid(7745f738d90274322b17e9212a9e4576) Importer(815301076,1909f56bfc062723c751e8b465ee728b)  -> (artifact id: '98b5a46a0f3d15d8f4f6bcde51cb2882') in 0.296139 seconds
  Import took 0.300362 seconds .

========================================================================
Received Import Request.
  Time since last request: 0.000620 seconds.
  path: Assets/Placeholder/speechbubble.png
  artifactKey: Guid(1e533dabbbc074e80bba4017e20d2378) Importer(815301076,1909f56bfc062723c751e8b465ee728b)
Start importing Assets/Placeholder/speechbubble.png using Guid(1e533dabbbc074e80bba4017e20d2378) Importer(815301076,1909f56bfc062723c751e8b465ee728b)  -> (artifact id: '895b40cfb708f9cba102e74f10560bdc') in 0.041305 seconds
  Import took 0.045829 seconds .

========================================================================
Received Import Request.
  Time since last request: 0.000325 seconds.
  path: Assets/Placeholder
  artifactKey: Guid(e7db320674b5f4c55b551a095da877a2) Importer(815301076,1909f56bfc062723c751e8b465ee728b)
Start importing Assets/Placeholder using Guid(e7db320674b5f4c55b551a095da877a2) Importer(815301076,1909f56bfc062723c751e8b465ee728b)  -> (artifact id: '45e3bec5959e8d4562764b8913513ff7') in 0.017503 seconds
  Import took 0.025383 seconds .

========================================================================
Received Import Request.
  Time since last request: 0.000351 seconds.
  path: Assets/Placeholder/arrow.png
  artifactKey: Guid(ebfde53e4d11f4e34aef26823e5b36f1) Importer(815301076,1909f56bfc062723c751e8b465ee728b)
Start importing Assets/Placeholder/arrow.png using Guid(ebfde53e4d11f4e34aef26823e5b36f1) Importer(815301076,1909f56bfc062723c751e8b465ee728b)  -> (artifact id: 'efcf8b09ba86e447bc50bb2c80a28fdf') in 0.056093 seconds
  Import took 0.060513 seconds .

========================================================================
Received Import Request.
  Time since last request: 0.000198 seconds.
  path: Assets/Placeholder/npc.png
  artifactKey: Guid(4e1645dab184447469b2f749549923f7) Importer(815301076,1909f56bfc062723c751e8b465ee728b)
Start importing Assets/Placeholder/npc.png using Guid(4e1645dab184447469b2f749549923f7) Importer(815301076,1909f56bfc062723c751e8b465ee728b)  -> (artifact id: '5edfbc35fc25ba054c7a0f4725e7f5f8') in 0.081210 seconds
  Import took 0.084689 seconds .

========================================================================
Received Import Request.
  Time since last request: 0.000243 seconds.
  path: Assets/Placeholder/breakroom.jpeg
  artifactKey: Guid(b8dec206e7d6b4a0ab22505877baf0ed) Importer(815301076,1909f56bfc062723c751e8b465ee728b)
Start importing Assets/Placeholder/breakroom.jpeg using Guid(b8dec206e7d6b4a0ab22505877baf0ed) Importer(815301076,1909f56bfc062723c751e8b465ee728b)  -> (artifact id: '8b5f62957ef3b4bfe801e00739ee8e38') in 0.096225 seconds
  Import took 0.100619 seconds .

========================================================================
Received Import Request.
  Time since last request: 0.057017 seconds.
  path: Assets/Scenes
  artifactKey: Guid(a6a1c2592f6b048b99f68ac811ecb67a) Importer(815301076,1909f56bfc062723c751e8b465ee728b)
Start importing Assets/Scenes using Guid(a6a1c2592f6b048b99f68ac811ecb67a) Importer(815301076,1909f56bfc062723c751e8b465ee728b)  -> (artifact id: '929bbddf2b1f4f89641614b575ee1d90') in 0.013923 seconds
  Import took 0.017643 seconds .

========================================================================
Received Import Request.
  Time since last request: 3.051434 seconds.
  path: Assets/Scenes/2Breakroom.unity
  artifactKey: Guid(73c80236f6ae2408b90b5497c5821301) Importer(815301076,1909f56bfc062723c751e8b465ee728b)
Start importing Assets/Scenes/2Breakroom.unity using Guid(73c80236f6ae2408b90b5497c5821301) Importer(815301076,1909f56bfc062723c751e8b465ee728b)  -> (artifact id: 'f4b1bfef3693c2ebd7bd4b9eddd6fb07') in 0.016235 seconds
  Import took 0.020701 seconds .

========================================================================
Received Import Request.
  Time since last request: 0.887160 seconds.
  path: Assets/Scenes/1Bedroom.unity
  artifactKey: Guid(87fc3fff400d0467aa3cbc2cc60c2a79) Importer(815301076,1909f56bfc062723c751e8b465ee728b)
Start importing Assets/Scenes/1Bedroom.unity using Guid(87fc3fff400d0467aa3cbc2cc60c2a79) Importer(815301076,1909f56bfc062723c751e8b465ee728b)  -> (artifact id: '75bf8e0d4ef6fad71fc1bf1e5102c0d0') in 0.021002 seconds
  Import took 0.024628 seconds .

========================================================================
Received Import Request.
  Time since last request: 1.911396 seconds.
  path: Assets/Scripts
  artifactKey: Guid(1ce65bb8490684ad1a8840b2d207fa6a) Importer(815301076,1909f56bfc062723c751e8b465ee728b)
Start importing Assets/Scripts using Guid(1ce65bb8490684ad1a8840b2d207fa6a) Importer(815301076,1909f56bfc062723c751e8b465ee728b)  -> (artifact id: 'e35d02d45396773df5fd4a79a67ee7ed') in 0.019611 seconds
  Import took 0.026001 seconds .

========================================================================
Received Prepare
Registering precompiled user dll's ...
Registered in 0.004493 seconds.
Begin MonoManager ReloadAssembly
Native extension for WindowsStandalone target not found
Native extension for WebGL target not found
Refreshing native plugins compatible for Editor in 0.65 ms, found 0 plugins.
Preloading 0 native plugins for Editor in 0.00 ms.
Invoked RoslynAnalysisRunner static constructor.
RoslynAnalysisRunner will not be running.
RoslynAnalysisRunner has terminated.
Mono: successfully reloaded assembly
- Completed reload, in  1.908 seconds
Platform modules already initialized, skipping
Refreshing native plugins compatible for Editor in 0.68 ms, found 0 plugins.
Preloading 0 native plugins for Editor in 0.00 ms.
Unloading 1409 Unused Serialized files (Serialized files now loaded: 0)
System memory in use before: 67.8 MB.
System memory in use after: 67.9 MB.

Unloading 24 unused Assets to reduce memory usage. Loaded Objects now: 1860.
Total: 3.425700 ms (FindLiveObjects: 0.227600 ms CreateObjectMapping: 0.090900 ms MarkObjects: 3.077500 ms  DeleteObjects: 0.027600 ms)

========================================================================
Received Prepare
Registering precompiled user dll's ...
Registered in 0.004274 seconds.
Begin MonoManager ReloadAssembly
Native extension for WindowsStandalone target not found
Native extension for WebGL target not found
Refreshing native plugins compatible for Editor in 0.71 ms, found 0 plugins.
Preloading 0 native plugins for Editor in 0.00 ms.
Invoked RoslynAnalysisRunner static constructor.
RoslynAnalysisRunner will not be running.
RoslynAnalysisRunner has terminated.
Mono: successfully reloaded assembly
- Completed reload, in  2.100 seconds
Platform modules already initialized, skipping
Refreshing native plugins compatible for Editor in 0.70 ms, found 0 plugins.
Preloading 0 native plugins for Editor in 0.00 ms.
Unloading 1409 Unused Serialized files (Serialized files now loaded: 0)
System memory in use before: 67.9 MB.
System memory in use after: 68.0 MB.

Unloading 24 unused Assets to reduce memory usage. Loaded Objects now: 1863.
Total: 3.207200 ms (FindLiveObjects: 0.335200 ms CreateObjectMapping: 0.096000 ms MarkObjects: 2.740700 ms  DeleteObjects: 0.032800 ms)

========================================================================
Received Prepare
Refreshing native plugins compatible for Editor in 13.33 ms, found 0 plugins.
Preloading 0 native plugins for Editor in 0.00 ms.
Unloading 22 Unused Serialized files (Serialized files now loaded: 0)
System memory in use before: 40.4 MB.
System memory in use after: 40.5 MB.

Unloading 22 unused Assets to reduce memory usage. Loaded Objects now: 1863.
Total: 5.528500 ms (FindLiveObjects: 0.223900 ms CreateObjectMapping: 0.090100 ms MarkObjects: 5.158600 ms  DeleteObjects: 0.052700 ms)

========================================================================
Received Import Request.
  Time since last request: 379.034089 seconds.
  path: Assets/Scripts/AdventureScript.cs
  artifactKey: Guid(dd5c554e32f194bda94ef9998de9b42e) Importer(815301076,1909f56bfc062723c751e8b465ee728b)
Start importing Assets/Scripts/AdventureScript.cs using Guid(dd5c554e32f194bda94ef9998de9b42e) Importer(815301076,1909f56bfc062723c751e8b465ee728b)  -> (artifact id: 'e3085e884a04f8e7fc7754b02762e30e') in 0.041903 seconds
  Import took 0.047039 seconds .

========================================================================
Received Prepare
Registering precompiled user dll's ...
Registered in 0.004446 seconds.
Begin MonoManager ReloadAssembly
Native extension for WindowsStandalone target not found
Native extension for WebGL target not found
Refreshing native plugins compatible for Editor in 1.01 ms, found 0 plugins.
Preloading 0 native plugins for Editor in 0.00 ms.
Invoked RoslynAnalysisRunner static constructor.
RoslynAnalysisRunner will not be running.
RoslynAnalysisRunner has terminated.
Mono: successfully reloaded assembly
- Completed reload, in  2.675 seconds
Platform modules already initialized, skipping
Refreshing native plugins compatible for Editor in 1.50 ms, found 0 plugins.
Preloading 0 native plugins for Editor in 0.00 ms.
Unloading 1409 Unused Serialized files (Serialized files now loaded: 0)
System memory in use before: 67.9 MB.
System memory in use after: 68.0 MB.

Unloading 24 unused Assets to reduce memory usage. Loaded Objects now: 1866.
Total: 3.746400 ms (FindLiveObjects: 0.229600 ms CreateObjectMapping: 0.091100 ms MarkObjects: 3.394600 ms  DeleteObjects: 0.028800 ms)

========================================================================
Received Import Request.
  Time since last request: 83.955215 seconds.
  path: Assets/Scripts/Dialogue.cs
  artifactKey: Guid(303070655111f4aab88d4a94763394b1) Importer(815301076,1909f56bfc062723c751e8b465ee728b)
Start importing Assets/Scripts/Dialogue.cs using Guid(303070655111f4aab88d4a94763394b1) Importer(815301076,1909f56bfc062723c751e8b465ee728b)  -> (artifact id: 'e92a74fbf3242df30d7340df26cf485d') in 0.026722 seconds
  Import took 0.033370 seconds .

========================================================================
Received Import Request.
  Time since last request: 12.026347 seconds.
  path: Assets/Scripts/RoomScript.cs
  artifactKey: Guid(10a8da37bbb9f4214a7c6c84f393eec2) Importer(815301076,1909f56bfc062723c751e8b465ee728b)
Start importing Assets/Scripts/RoomScript.cs using Guid(10a8da37bbb9f4214a7c6c84f393eec2) Importer(815301076,1909f56bfc062723c751e8b465ee728b)  -> (artifact id: 'c8b223b67cbeb162f263f91603cd6309') in 0.024183 seconds
  Import took 0.028247 seconds .

========================================================================
Received Prepare
Registering precompiled user dll's ...
Registered in 0.005386 seconds.
Begin MonoManager ReloadAssembly
Native extension for WindowsStandalone target not found
Native extension for WebGL target not found
Refreshing native plugins compatible for Editor in 0.87 ms, found 0 plugins.
Preloading 0 native plugins for Editor in 0.00 ms.
Invoked RoslynAnalysisRunner static constructor.
RoslynAnalysisRunner will not be running.
RoslynAnalysisRunner has terminated.
Mono: successfully reloaded assembly
- Completed reload, in  1.570 seconds
Platform modules already initialized, skipping
Refreshing native plugins compatible for Editor in 2.24 ms, found 0 plugins.
Preloading 0 native plugins for Editor in 0.00 ms.
Unloading 1409 Unused Serialized files (Serialized files now loaded: 0)
System memory in use before: 67.9 MB.
System memory in use after: 68.0 MB.

Unloading 24 unused Assets to reduce memory usage. Loaded Objects now: 1869.
Total: 5.223500 ms (FindLiveObjects: 2.655400 ms CreateObjectMapping: 0.149000 ms MarkObjects: 2.384000 ms  DeleteObjects: 0.032700 ms)

AssetImportWorkerClient::OnTransportError - code=2 error=End of file
